mode: set
zopsmart/gofr-curd/main.go:11.13,26.2 12 0
zopsmart/gofr-curd/handler/products/handler.go:15.46,17.2 1 1
zopsmart/gofr-curd/handler/products/handler.go:19.66,23.16 3 1
zopsmart/gofr-curd/handler/products/handler.go:30.2,30.18 1 1
zopsmart/gofr-curd/handler/products/handler.go:23.16,28.3 1 1
zopsmart/gofr-curd/handler/products/handler.go:33.69,38.40 3 1
zopsmart/gofr-curd/handler/products/handler.go:43.2,44.16 2 1
zopsmart/gofr-curd/handler/products/handler.go:48.2,48.18 1 1
zopsmart/gofr-curd/handler/products/handler.go:38.40,41.3 2 1
zopsmart/gofr-curd/handler/products/handler.go:44.16,46.3 1 1
zopsmart/gofr-curd/handler/products/handler.go:51.70,53.16 2 1
zopsmart/gofr-curd/handler/products/handler.go:57.2,57.18 1 1
zopsmart/gofr-curd/handler/products/handler.go:53.16,55.3 1 1
zopsmart/gofr-curd/handler/products/handler.go:60.69,63.40 2 1
zopsmart/gofr-curd/handler/products/handler.go:68.2,69.16 2 1
zopsmart/gofr-curd/handler/products/handler.go:73.2,73.18 1 1
zopsmart/gofr-curd/handler/products/handler.go:63.40,66.3 2 1
zopsmart/gofr-curd/handler/products/handler.go:69.16,71.3 1 1
zopsmart/gofr-curd/handler/products/handler.go:76.69,80.16 3 1
zopsmart/gofr-curd/handler/products/handler.go:87.2,87.36 1 1
zopsmart/gofr-curd/handler/products/handler.go:80.16,85.3 1 1
zopsmart/gofr-curd/store/mock-interface.go:27.71,31.2 3 0
zopsmart/gofr-curd/store/mock-interface.go:34.69,36.2 1 0
zopsmart/gofr-curd/store/mock-interface.go:39.93,45.2 5 0
zopsmart/gofr-curd/store/mock-interface.go:48.90,51.2 2 0
zopsmart/gofr-curd/store/mock-interface.go:54.76,59.2 4 0
zopsmart/gofr-curd/store/mock-interface.go:62.90,65.2 2 0
zopsmart/gofr-curd/store/mock-interface.go:68.97,74.2 5 0
zopsmart/gofr-curd/store/mock-interface.go:77.94,80.2 2 0
zopsmart/gofr-curd/store/mock-interface.go:83.86,89.2 5 0
zopsmart/gofr-curd/store/mock-interface.go:92.85,95.2 2 0
zopsmart/gofr-curd/store/mock-interface.go:98.103,104.2 5 0
zopsmart/gofr-curd/store/mock-interface.go:107.90,110.2 2 0
zopsmart/gofr-curd/service/products/service.go:17.57,19.2 1 0
zopsmart/gofr-curd/service/products/service.go:21.83,23.14 2 0
zopsmart/gofr-curd/service/products/service.go:27.2,30.16 3 0
zopsmart/gofr-curd/service/products/service.go:34.2,34.18 1 0
zopsmart/gofr-curd/service/products/service.go:23.14,25.3 1 0
zopsmart/gofr-curd/service/products/service.go:30.16,32.3 1 0
zopsmart/gofr-curd/service/products/service.go:37.69,39.14 2 0
zopsmart/gofr-curd/service/products/service.go:43.2,46.16 3 0
zopsmart/gofr-curd/service/products/service.go:50.2,50.12 1 0
zopsmart/gofr-curd/service/products/service.go:39.14,41.3 1 0
zopsmart/gofr-curd/service/products/service.go:46.16,48.3 1 0
zopsmart/gofr-curd/service/products/service.go:53.79,55.16 2 0
zopsmart/gofr-curd/service/products/service.go:59.2,59.18 1 0
zopsmart/gofr-curd/service/products/service.go:55.16,57.3 1 0
zopsmart/gofr-curd/service/products/service.go:62.96,64.14 2 0
zopsmart/gofr-curd/service/products/service.go:68.2,69.16 2 0
zopsmart/gofr-curd/service/products/service.go:73.2,75.18 2 0
zopsmart/gofr-curd/service/products/service.go:64.14,66.3 1 0
zopsmart/gofr-curd/service/products/service.go:69.16,71.3 1 0
zopsmart/gofr-curd/service/products/service.go:78.107,80.14 2 0
zopsmart/gofr-curd/service/products/service.go:84.2,85.14 2 0
zopsmart/gofr-curd/service/products/service.go:89.2,93.16 4 0
zopsmart/gofr-curd/service/products/service.go:97.2,97.18 1 0
zopsmart/gofr-curd/service/products/service.go:80.14,82.3 1 0
zopsmart/gofr-curd/service/products/service.go:85.14,87.3 1 0
zopsmart/gofr-curd/service/products/service.go:93.16,95.3 1 0
zopsmart/gofr-curd/service/products/validations.go:10.42,11.14 1 0
zopsmart/gofr-curd/service/products/validations.go:15.2,17.16 2 0
zopsmart/gofr-curd/service/products/validations.go:21.2,21.11 1 0
zopsmart/gofr-curd/service/products/validations.go:25.2,25.18 1 0
zopsmart/gofr-curd/service/products/validations.go:11.14,13.3 1 0
zopsmart/gofr-curd/service/products/validations.go:17.16,19.3 1 0
zopsmart/gofr-curd/service/products/validations.go:21.11,23.3 1 0
zopsmart/gofr-curd/service/products/validations.go:28.50,29.18 1 0
zopsmart/gofr-curd/service/products/validations.go:33.2,33.21 1 0
zopsmart/gofr-curd/service/products/validations.go:37.2,37.21 1 0
zopsmart/gofr-curd/service/products/validations.go:41.2,41.18 1 0
zopsmart/gofr-curd/service/products/validations.go:29.18,31.3 1 0
zopsmart/gofr-curd/service/products/validations.go:33.21,35.3 1 0
zopsmart/gofr-curd/service/products/validations.go:37.21,39.3 1 0
zopsmart/gofr-curd/service/products/validations.go:44.37,45.13 1 0
zopsmart/gofr-curd/service/products/validations.go:49.2,49.18 1 0
zopsmart/gofr-curd/service/products/validations.go:45.13,47.3 1 0
zopsmart/gofr-curd/service/mock-interface.go:27.73,31.2 3 1
zopsmart/gofr-curd/service/mock-interface.go:34.71,36.2 1 1
zopsmart/gofr-curd/service/mock-interface.go:39.104,45.2 5 1
zopsmart/gofr-curd/service/mock-interface.go:48.91,51.2 2 1
zopsmart/gofr-curd/service/mock-interface.go:54.77,59.2 4 1
zopsmart/gofr-curd/service/mock-interface.go:62.88,65.2 2 1
zopsmart/gofr-curd/service/mock-interface.go:68.91,74.2 5 1
zopsmart/gofr-curd/service/mock-interface.go:77.85,80.2 2 1
zopsmart/gofr-curd/service/mock-interface.go:83.86,89.2 5 1
zopsmart/gofr-curd/service/mock-interface.go:92.85,95.2 2 1
zopsmart/gofr-curd/service/mock-interface.go:98.114,104.2 5 1
zopsmart/gofr-curd/service/mock-interface.go:107.94,110.2 2 1
zopsmart/gofr-curd/store/products/store.go:16.20,18.2 1 0
zopsmart/gofr-curd/store/products/store.go:20.84,24.16 3 0
zopsmart/gofr-curd/store/products/store.go:28.2,28.18 1 0
zopsmart/gofr-curd/store/products/store.go:24.16,26.3 1 0
zopsmart/gofr-curd/store/products/store.go:31.63,33.16 2 0
zopsmart/gofr-curd/store/products/store.go:37.2,37.12 1 0
zopsmart/gofr-curd/store/products/store.go:33.16,35.3 1 0
zopsmart/gofr-curd/store/products/store.go:40.75,42.16 2 0
zopsmart/gofr-curd/store/products/store.go:45.2,49.18 3 0
zopsmart/gofr-curd/store/products/store.go:60.2,60.22 1 0
zopsmart/gofr-curd/store/products/store.go:42.16,44.3 1 0
zopsmart/gofr-curd/store/products/store.go:49.18,53.17 3 0
zopsmart/gofr-curd/store/products/store.go:57.3,57.34 1 0
zopsmart/gofr-curd/store/products/store.go:53.17,55.4 1 0
zopsmart/gofr-curd/store/products/store.go:63.82,65.16 2 0
zopsmart/gofr-curd/store/products/store.go:69.2,71.25 2 0
zopsmart/gofr-curd/store/products/store.go:65.16,67.3 1 0
zopsmart/gofr-curd/store/products/store.go:74.92,76.16 2 0
zopsmart/gofr-curd/store/products/store.go:80.2,80.18 1 0
zopsmart/gofr-curd/store/products/store.go:76.16,78.3 1 0
zopsmart/gofr-curd/service/mock-interface.go:27.73,31.2 3 0
zopsmart/gofr-curd/service/mock-interface.go:34.71,36.2 1 0
zopsmart/gofr-curd/service/mock-interface.go:39.104,45.2 5 0
zopsmart/gofr-curd/service/mock-interface.go:48.91,51.2 2 0
zopsmart/gofr-curd/service/mock-interface.go:54.77,59.2 4 0
zopsmart/gofr-curd/service/mock-interface.go:62.88,65.2 2 0
zopsmart/gofr-curd/service/mock-interface.go:68.91,74.2 5 0
zopsmart/gofr-curd/service/mock-interface.go:77.85,80.2 2 0
zopsmart/gofr-curd/service/mock-interface.go:83.86,89.2 5 0
zopsmart/gofr-curd/service/mock-interface.go:92.85,95.2 2 0
zopsmart/gofr-curd/service/mock-interface.go:98.114,104.2 5 0
zopsmart/gofr-curd/service/mock-interface.go:107.94,110.2 2 0
zopsmart/gofr-curd/main.go:11.13,26.2 12 0
zopsmart/gofr-curd/handler/products/handler.go:15.46,17.2 1 0
zopsmart/gofr-curd/handler/products/handler.go:19.66,23.16 3 0
zopsmart/gofr-curd/handler/products/handler.go:30.2,30.18 1 0
zopsmart/gofr-curd/handler/products/handler.go:23.16,28.3 1 0
zopsmart/gofr-curd/handler/products/handler.go:33.69,38.40 3 0
zopsmart/gofr-curd/handler/products/handler.go:43.2,44.16 2 0
zopsmart/gofr-curd/handler/products/handler.go:48.2,48.18 1 0
zopsmart/gofr-curd/handler/products/handler.go:38.40,41.3 2 0
zopsmart/gofr-curd/handler/products/handler.go:44.16,46.3 1 0
zopsmart/gofr-curd/handler/products/handler.go:51.70,53.16 2 0
zopsmart/gofr-curd/handler/products/handler.go:57.2,57.18 1 0
zopsmart/gofr-curd/handler/products/handler.go:53.16,55.3 1 0
zopsmart/gofr-curd/handler/products/handler.go:60.69,63.40 2 0
zopsmart/gofr-curd/handler/products/handler.go:68.2,69.16 2 0
zopsmart/gofr-curd/handler/products/handler.go:73.2,73.18 1 0
zopsmart/gofr-curd/handler/products/handler.go:63.40,66.3 2 0
zopsmart/gofr-curd/handler/products/handler.go:69.16,71.3 1 0
zopsmart/gofr-curd/handler/products/handler.go:76.69,80.16 3 0
zopsmart/gofr-curd/handler/products/handler.go:87.2,87.36 1 0
zopsmart/gofr-curd/handler/products/handler.go:80.16,85.3 1 0
zopsmart/gofr-curd/store/mock-interface.go:27.71,31.2 3 0
zopsmart/gofr-curd/store/mock-interface.go:34.69,36.2 1 0
zopsmart/gofr-curd/store/mock-interface.go:39.93,45.2 5 0
zopsmart/gofr-curd/store/mock-interface.go:48.90,51.2 2 0
zopsmart/gofr-curd/store/mock-interface.go:54.76,59.2 4 0
zopsmart/gofr-curd/store/mock-interface.go:62.90,65.2 2 0
zopsmart/gofr-curd/store/mock-interface.go:68.97,74.2 5 0
zopsmart/gofr-curd/store/mock-interface.go:77.94,80.2 2 0
zopsmart/gofr-curd/store/mock-interface.go:83.86,89.2 5 0
zopsmart/gofr-curd/store/mock-interface.go:92.85,95.2 2 0
zopsmart/gofr-curd/store/mock-interface.go:98.103,104.2 5 0
zopsmart/gofr-curd/store/mock-interface.go:107.90,110.2 2 0
zopsmart/gofr-curd/service/products/service.go:17.57,19.2 1 0
zopsmart/gofr-curd/service/products/service.go:21.83,23.14 2 0
zopsmart/gofr-curd/service/products/service.go:27.2,30.16 3 0
zopsmart/gofr-curd/service/products/service.go:34.2,34.18 1 0
zopsmart/gofr-curd/service/products/service.go:23.14,25.3 1 0
zopsmart/gofr-curd/service/products/service.go:30.16,32.3 1 0
zopsmart/gofr-curd/service/products/service.go:37.69,39.14 2 0
zopsmart/gofr-curd/service/products/service.go:43.2,46.16 3 0
zopsmart/gofr-curd/service/products/service.go:50.2,50.12 1 0
zopsmart/gofr-curd/service/products/service.go:39.14,41.3 1 0
zopsmart/gofr-curd/service/products/service.go:46.16,48.3 1 0
zopsmart/gofr-curd/service/products/service.go:53.79,55.16 2 0
zopsmart/gofr-curd/service/products/service.go:59.2,59.18 1 0
zopsmart/gofr-curd/service/products/service.go:55.16,57.3 1 0
zopsmart/gofr-curd/service/products/service.go:62.96,64.14 2 0
zopsmart/gofr-curd/service/products/service.go:68.2,69.16 2 0
zopsmart/gofr-curd/service/products/service.go:73.2,75.18 2 0
zopsmart/gofr-curd/service/products/service.go:64.14,66.3 1 0
zopsmart/gofr-curd/service/products/service.go:69.16,71.3 1 0
zopsmart/gofr-curd/service/products/service.go:78.107,80.14 2 0
zopsmart/gofr-curd/service/products/service.go:84.2,85.14 2 0
zopsmart/gofr-curd/service/products/service.go:89.2,93.16 4 0
zopsmart/gofr-curd/service/products/service.go:97.2,97.18 1 0
zopsmart/gofr-curd/service/products/service.go:80.14,82.3 1 0
zopsmart/gofr-curd/service/products/service.go:85.14,87.3 1 0
zopsmart/gofr-curd/service/products/service.go:93.16,95.3 1 0
zopsmart/gofr-curd/service/products/validations.go:10.42,11.14 1 0
zopsmart/gofr-curd/service/products/validations.go:15.2,17.16 2 0
zopsmart/gofr-curd/service/products/validations.go:21.2,21.11 1 0
zopsmart/gofr-curd/service/products/validations.go:25.2,25.18 1 0
zopsmart/gofr-curd/service/products/validations.go:11.14,13.3 1 0
zopsmart/gofr-curd/service/products/validations.go:17.16,19.3 1 0
zopsmart/gofr-curd/service/products/validations.go:21.11,23.3 1 0
zopsmart/gofr-curd/service/products/validations.go:28.50,29.18 1 0
zopsmart/gofr-curd/service/products/validations.go:33.2,33.21 1 0
zopsmart/gofr-curd/service/products/validations.go:37.2,37.21 1 0
zopsmart/gofr-curd/service/products/validations.go:41.2,41.18 1 0
zopsmart/gofr-curd/service/products/validations.go:29.18,31.3 1 0
zopsmart/gofr-curd/service/products/validations.go:33.21,35.3 1 0
zopsmart/gofr-curd/service/products/validations.go:37.21,39.3 1 0
zopsmart/gofr-curd/service/products/validations.go:44.37,45.13 1 0
zopsmart/gofr-curd/service/products/validations.go:49.2,49.18 1 0
zopsmart/gofr-curd/service/products/validations.go:45.13,47.3 1 0
zopsmart/gofr-curd/store/products/store.go:16.20,18.2 1 1
zopsmart/gofr-curd/store/products/store.go:20.84,24.16 3 1
zopsmart/gofr-curd/store/products/store.go:28.2,28.18 1 1
zopsmart/gofr-curd/store/products/store.go:24.16,26.3 1 1
zopsmart/gofr-curd/store/products/store.go:31.63,33.16 2 1
zopsmart/gofr-curd/store/products/store.go:37.2,37.12 1 1
zopsmart/gofr-curd/store/products/store.go:33.16,35.3 1 1
zopsmart/gofr-curd/store/products/store.go:40.75,42.16 2 1
zopsmart/gofr-curd/store/products/store.go:45.2,49.18 3 1
zopsmart/gofr-curd/store/products/store.go:60.2,60.22 1 1
zopsmart/gofr-curd/store/products/store.go:42.16,44.3 1 1
zopsmart/gofr-curd/store/products/store.go:49.18,53.17 3 1
zopsmart/gofr-curd/store/products/store.go:57.3,57.34 1 1
zopsmart/gofr-curd/store/products/store.go:53.17,55.4 1 0
zopsmart/gofr-curd/store/products/store.go:63.82,65.16 2 1
zopsmart/gofr-curd/store/products/store.go:69.2,71.25 2 1
zopsmart/gofr-curd/store/products/store.go:65.16,67.3 1 1
zopsmart/gofr-curd/store/products/store.go:74.92,76.16 2 1
zopsmart/gofr-curd/store/products/store.go:80.2,80.18 1 1
zopsmart/gofr-curd/store/products/store.go:76.16,78.3 1 1
zopsmart/gofr-curd/store/products/store.go:16.20,18.2 1 0
zopsmart/gofr-curd/store/products/store.go:20.84,24.16 3 0
zopsmart/gofr-curd/store/products/store.go:28.2,28.18 1 0
zopsmart/gofr-curd/store/products/store.go:24.16,26.3 1 0
zopsmart/gofr-curd/store/products/store.go:31.63,33.16 2 0
zopsmart/gofr-curd/store/products/store.go:37.2,37.12 1 0
zopsmart/gofr-curd/store/products/store.go:33.16,35.3 1 0
zopsmart/gofr-curd/store/products/store.go:40.75,42.16 2 0
zopsmart/gofr-curd/store/products/store.go:45.2,49.18 3 0
zopsmart/gofr-curd/store/products/store.go:60.2,60.22 1 0
zopsmart/gofr-curd/store/products/store.go:42.16,44.3 1 0
zopsmart/gofr-curd/store/products/store.go:49.18,53.17 3 0
zopsmart/gofr-curd/store/products/store.go:57.3,57.34 1 0
zopsmart/gofr-curd/store/products/store.go:53.17,55.4 1 0
zopsmart/gofr-curd/store/products/store.go:63.82,65.16 2 0
zopsmart/gofr-curd/store/products/store.go:69.2,71.25 2 0
zopsmart/gofr-curd/store/products/store.go:65.16,67.3 1 0
zopsmart/gofr-curd/store/products/store.go:74.92,76.16 2 0
zopsmart/gofr-curd/store/products/store.go:80.2,80.18 1 0
zopsmart/gofr-curd/store/products/store.go:76.16,78.3 1 0
zopsmart/gofr-curd/main.go:11.13,26.2 12 0
zopsmart/gofr-curd/service/products/service.go:17.57,19.2 1 1
zopsmart/gofr-curd/service/products/service.go:21.83,23.14 2 1
zopsmart/gofr-curd/service/products/service.go:27.2,30.16 3 1
zopsmart/gofr-curd/service/products/service.go:34.2,34.18 1 1
zopsmart/gofr-curd/service/products/service.go:23.14,25.3 1 1
zopsmart/gofr-curd/service/products/service.go:30.16,32.3 1 1
zopsmart/gofr-curd/service/products/service.go:37.69,39.14 2 1
zopsmart/gofr-curd/service/products/service.go:43.2,46.16 3 1
zopsmart/gofr-curd/service/products/service.go:50.2,50.12 1 1
zopsmart/gofr-curd/service/products/service.go:39.14,41.3 1 1
zopsmart/gofr-curd/service/products/service.go:46.16,48.3 1 1
zopsmart/gofr-curd/service/products/service.go:53.79,55.16 2 1
zopsmart/gofr-curd/service/products/service.go:59.2,59.18 1 1
zopsmart/gofr-curd/service/products/service.go:55.16,57.3 1 1
zopsmart/gofr-curd/service/products/service.go:62.96,64.14 2 1
zopsmart/gofr-curd/service/products/service.go:68.2,69.16 2 1
zopsmart/gofr-curd/service/products/service.go:73.2,75.18 2 1
zopsmart/gofr-curd/service/products/service.go:64.14,66.3 1 1
zopsmart/gofr-curd/service/products/service.go:69.16,71.3 1 1
zopsmart/gofr-curd/service/products/service.go:78.107,80.14 2 1
zopsmart/gofr-curd/service/products/service.go:84.2,85.14 2 1
zopsmart/gofr-curd/service/products/service.go:89.2,93.16 4 1
zopsmart/gofr-curd/service/products/service.go:97.2,97.18 1 1
zopsmart/gofr-curd/service/products/service.go:80.14,82.3 1 1
zopsmart/gofr-curd/service/products/service.go:85.14,87.3 1 1
zopsmart/gofr-curd/service/products/service.go:93.16,95.3 1 1
zopsmart/gofr-curd/service/products/validations.go:10.42,11.14 1 1
zopsmart/gofr-curd/service/products/validations.go:15.2,17.16 2 1
zopsmart/gofr-curd/service/products/validations.go:21.2,21.11 1 1
zopsmart/gofr-curd/service/products/validations.go:25.2,25.18 1 1
zopsmart/gofr-curd/service/products/validations.go:11.14,13.3 1 1
zopsmart/gofr-curd/service/products/validations.go:17.16,19.3 1 1
zopsmart/gofr-curd/service/products/validations.go:21.11,23.3 1 1
zopsmart/gofr-curd/service/products/validations.go:28.50,29.18 1 1
zopsmart/gofr-curd/service/products/validations.go:33.2,33.21 1 1
zopsmart/gofr-curd/service/products/validations.go:37.2,37.21 1 1
zopsmart/gofr-curd/service/products/validations.go:41.2,41.18 1 1
zopsmart/gofr-curd/service/products/validations.go:29.18,31.3 1 1
zopsmart/gofr-curd/service/products/validations.go:33.21,35.3 1 1
zopsmart/gofr-curd/service/products/validations.go:37.21,39.3 1 1
zopsmart/gofr-curd/service/products/validations.go:44.37,45.13 1 1
zopsmart/gofr-curd/service/products/validations.go:49.2,49.18 1 1
zopsmart/gofr-curd/service/products/validations.go:45.13,47.3 1 1
zopsmart/gofr-curd/handler/products/handler.go:15.46,17.2 1 0
zopsmart/gofr-curd/handler/products/handler.go:19.66,23.16 3 0
zopsmart/gofr-curd/handler/products/handler.go:30.2,30.18 1 0
zopsmart/gofr-curd/handler/products/handler.go:23.16,28.3 1 0
zopsmart/gofr-curd/handler/products/handler.go:33.69,38.40 3 0
zopsmart/gofr-curd/handler/products/handler.go:43.2,44.16 2 0
zopsmart/gofr-curd/handler/products/handler.go:48.2,48.18 1 0
zopsmart/gofr-curd/handler/products/handler.go:38.40,41.3 2 0
zopsmart/gofr-curd/handler/products/handler.go:44.16,46.3 1 0
zopsmart/gofr-curd/handler/products/handler.go:51.70,53.16 2 0
zopsmart/gofr-curd/handler/products/handler.go:57.2,57.18 1 0
zopsmart/gofr-curd/handler/products/handler.go:53.16,55.3 1 0
zopsmart/gofr-curd/handler/products/handler.go:60.69,63.40 2 0
zopsmart/gofr-curd/handler/products/handler.go:68.2,69.16 2 0
zopsmart/gofr-curd/handler/products/handler.go:73.2,73.18 1 0
zopsmart/gofr-curd/handler/products/handler.go:63.40,66.3 2 0
zopsmart/gofr-curd/handler/products/handler.go:69.16,71.3 1 0
zopsmart/gofr-curd/handler/products/handler.go:76.69,80.16 3 0
zopsmart/gofr-curd/handler/products/handler.go:87.2,87.36 1 0
zopsmart/gofr-curd/handler/products/handler.go:80.16,85.3 1 0
zopsmart/gofr-curd/store/mock-interface.go:27.71,31.2 3 1
zopsmart/gofr-curd/store/mock-interface.go:34.69,36.2 1 1
zopsmart/gofr-curd/store/mock-interface.go:39.93,45.2 5 1
zopsmart/gofr-curd/store/mock-interface.go:48.90,51.2 2 1
zopsmart/gofr-curd/store/mock-interface.go:54.76,59.2 4 1
zopsmart/gofr-curd/store/mock-interface.go:62.90,65.2 2 1
zopsmart/gofr-curd/store/mock-interface.go:68.97,74.2 5 1
zopsmart/gofr-curd/store/mock-interface.go:77.94,80.2 2 1
zopsmart/gofr-curd/store/mock-interface.go:83.86,89.2 5 1
zopsmart/gofr-curd/store/mock-interface.go:92.85,95.2 2 1
zopsmart/gofr-curd/store/mock-interface.go:98.103,104.2 5 1
zopsmart/gofr-curd/store/mock-interface.go:107.90,110.2 2 1
zopsmart/gofr-curd/service/mock-interface.go:27.73,31.2 3 0
zopsmart/gofr-curd/service/mock-interface.go:34.71,36.2 1 0
zopsmart/gofr-curd/service/mock-interface.go:39.104,45.2 5 0
zopsmart/gofr-curd/service/mock-interface.go:48.91,51.2 2 0
zopsmart/gofr-curd/service/mock-interface.go:54.77,59.2 4 0
zopsmart/gofr-curd/service/mock-interface.go:62.88,65.2 2 0
zopsmart/gofr-curd/service/mock-interface.go:68.91,74.2 5 0
zopsmart/gofr-curd/service/mock-interface.go:77.85,80.2 2 0
zopsmart/gofr-curd/service/mock-interface.go:83.86,89.2 5 0
zopsmart/gofr-curd/service/mock-interface.go:92.85,95.2 2 0
zopsmart/gofr-curd/service/mock-interface.go:98.114,104.2 5 0
zopsmart/gofr-curd/service/mock-interface.go:107.94,110.2 2 0
